android/app/build/intermediates/manifest_merge_blame_file/debug/manifest-merger-blame-debug-report.txt
1<?xml version="1.0" encoding="utf-8"?>
2<manifest xmlns:android="http://schemas.android.com/apk/res/android"
3    package="com.melody"
4    android:versionCode="1"
5    android:versionName="1.0.0" >
6
7    <uses-sdk
8        android:minSdkVersion="21"
9        android:targetSdkVersion="34" />
10
11    <uses-permission android:name="android.permission.INTERNET" />
11-->src/main/AndroidManifest.xml:3:5-67
11-->src/main/AndroidManifest.xml:3:22-64
12    <uses-permission android:name="android.permission.WRITE_EXTERNAL_STORAGE" />
12-->src/main/AndroidManifest.xml:4:5-81
12-->src/main/AndroidManifest.xml:4:22-78
13    <uses-permission android:name="android.permission.ACCESS_NETWORK_STATE" />
13-->src/main/AndroidManifest.xml:5:5-79
13-->src/main/AndroidManifest.xml:5:22-76
14    <uses-permission android:name="android.permission.READ_EXTERNAL_STORAGE" />
14-->src/main/AndroidManifest.xml:6:5-80
14-->src/main/AndroidManifest.xml:6:22-77
15    <!--
16         Required to keep CPU alive while downloading files
17        (NOT to keep screen awake)
18    -->
19    <uses-permission android:name="android.permission.WAKE_LOCK" /> <!-- Required to check whether Wi-Fi is enabled -->
19-->[:react-native-blob-util] AndroidManifest.xml:14:5-68
19-->[:react-native-blob-util] AndroidManifest.xml:14:22-65
20    <uses-permission android:name="android.permission.ACCESS_WIFI_STATE" /> <!-- Required to to download files without a notification -->
20-->[:react-native-blob-util] AndroidManifest.xml:23:5-76
20-->[:react-native-blob-util] AndroidManifest.xml:23:22-73
21    <uses-permission android:name="android.permission.DOWNLOAD_WITHOUT_NOTIFICATION" />
21-->[:react-native-blob-util] AndroidManifest.xml:32:5-88
21-->[:react-native-blob-util] AndroidManifest.xml:32:22-85
22    <uses-permission android:name="android.permission.FOREGROUND_SERVICE" />
22-->[:react-native-track-player] AndroidManifest.xml:8:5-77
22-->[:react-native-track-player] AndroidManifest.xml:8:22-74
23    <uses-permission android:name="android.permission.FOREGROUND_SERVICE_MEDIA_PLAYBACK" />
23-->[:react-native-track-player] AndroidManifest.xml:9:5-92
23-->[:react-native-track-player] AndroidManifest.xml:9:22-89
24    <!--
25    This manifest file is used only by Gradle to configure debug-only capabilities
26    for React Native Apps.
27    -->
28    <uses-permission android:name="android.permission.SYSTEM_ALERT_WINDOW" /> <!-- Required by older versions of Google Play services to create IID tokens -->
28-->[com.facebook.react:react-android:0.73.4] AndroidManifest.xml:16:5-78
28-->[com.facebook.react:react-android:0.73.4] AndroidManifest.xml:16:22-75
29    <uses-permission android:name="com.google.android.c2dm.permission.RECEIVE" />
29-->[com.google.android.gms:play-services-iid:17.0.0] AndroidManifest.xml:23:5-82
29-->[com.google.android.gms:play-services-iid:17.0.0] AndroidManifest.xml:23:22-79
30
31    <permission
31-->[androidx.core:core:1.9.0] AndroidManifest.xml:22:5-24:47
32        android:name="com.melody.DYNAMIC_RECEIVER_NOT_EXPORTED_PERMISSION"
32-->[androidx.core:core:1.9.0] AndroidManifest.xml:23:9-81
33        android:protectionLevel="signature" />
33-->[androidx.core:core:1.9.0] AndroidManifest.xml:24:9-44
34
35    <uses-permission android:name="com.melody.DYNAMIC_RECEIVER_NOT_EXPORTED_PERMISSION" />
35-->[androidx.core:core:1.9.0] AndroidManifest.xml:26:5-97
35-->[androidx.core:core:1.9.0] AndroidManifest.xml:26:22-94
36
37    <queries>
37-->[androidx.test:runner:1.4.0] AndroidManifest.xml:24:5-28:15
38        <package android:name="androidx.test.orchestrator" />
38-->[androidx.test:runner:1.4.0] AndroidManifest.xml:25:9-62
38-->[androidx.test:runner:1.4.0] AndroidManifest.xml:25:18-59
39        <package android:name="androidx.test.services" />
39-->[androidx.test:runner:1.4.0] AndroidManifest.xml:26:9-58
39-->[androidx.test:runner:1.4.0] AndroidManifest.xml:26:18-55
40        <package android:name="com.google.android.apps.common.testing.services" />
40-->[androidx.test:runner:1.4.0] AndroidManifest.xml:27:9-83
40-->[androidx.test:runner:1.4.0] AndroidManifest.xml:27:18-80
41    </queries>
42
43    <uses-permission android:name="com.google.android.finsky.permission.BIND_GET_INSTALL_REFERRER_SERVICE" />
43-->[com.android.installreferrer:installreferrer:1.1.2] AndroidManifest.xml:9:5-110
43-->[com.android.installreferrer:installreferrer:1.1.2] AndroidManifest.xml:9:22-107
44
45    <application
45-->src/main/AndroidManifest.xml:7:5-27:19
46        android:name="com.melody.MainApplication"
46-->src/main/AndroidManifest.xml:8:7-38
47        android:allowBackup="false"
47-->src/main/AndroidManifest.xml:12:7-34
48        android:appComponentFactory="androidx.core.app.CoreComponentFactory"
48-->[androidx.core:core:1.9.0] AndroidManifest.xml:28:18-86
49        android:debuggable="true"
50        android:extractNativeLibs="true"
51        android:icon="@mipmap/ic_launcher"
51-->src/main/AndroidManifest.xml:10:7-41
52        android:label="@string/app_name"
52-->src/main/AndroidManifest.xml:9:7-39
53        android:roundIcon="@mipmap/ic_launcher_round"
53-->src/main/AndroidManifest.xml:11:7-52
54        android:theme="@style/AppTheme"
54-->src/main/AndroidManifest.xml:13:7-38
55        android:usesCleartextTraffic="true" >
55-->src/debug/AndroidManifest.xml:6:9-44
56        <activity
56-->src/main/AndroidManifest.xml:14:7-26:18
57            android:name="com.melody.MainActivity"
57-->src/main/AndroidManifest.xml:15:9-37
58            android:configChanges="keyboard|keyboardHidden|orientation|screenLayout|screenSize|smallestScreenSize|uiMode"
58-->src/main/AndroidManifest.xml:17:9-118
59            android:exported="true"
59-->src/main/AndroidManifest.xml:20:9-32
60            android:label="@string/app_name"
60-->src/main/AndroidManifest.xml:16:9-41
61            android:launchMode="singleTask"
61-->src/main/AndroidManifest.xml:18:9-40
62            android:windowSoftInputMode="adjustResize" >
62-->src/main/AndroidManifest.xml:19:9-51
63            <intent-filter>
63-->src/main/AndroidManifest.xml:21:9-25:25
64                <action android:name="android.intent.action.MAIN" />
64-->src/main/AndroidManifest.xml:22:13-65
64-->src/main/AndroidManifest.xml:22:21-62
65
66                <category android:name="android.intent.category.LAUNCHER" />
66-->src/main/AndroidManifest.xml:23:13-73
66-->src/main/AndroidManifest.xml:23:23-70
67
68                <action android:name="android.intent.action.DOWNLOAD_COMPLETE" />
68-->src/main/AndroidManifest.xml:24:13-77
68-->src/main/AndroidManifest.xml:24:21-75
69            </intent-filter>
70        </activity>
71
72        <provider
72-->[:react-native-blob-util] AndroidManifest.xml:35:9-43:20
73            android:name="com.ReactNativeBlobUtil.Utils.FileProvider"
73-->[:react-native-blob-util] AndroidManifest.xml:36:13-70
74            android:authorities="com.melody.provider"
74-->[:react-native-blob-util] AndroidManifest.xml:37:13-60
75            android:exported="false"
75-->[:react-native-blob-util] AndroidManifest.xml:38:13-37
76            android:grantUriPermissions="true" >
76-->[:react-native-blob-util] AndroidManifest.xml:39:13-47
77            <meta-data
77-->[:react-native-blob-util] AndroidManifest.xml:40:13-42:58
78                android:name="android.support.FILE_PROVIDER_PATHS"
78-->[:react-native-blob-util] AndroidManifest.xml:41:17-67
79                android:resource="@xml/provider_paths" />
79-->[:react-native-blob-util] AndroidManifest.xml:42:17-55
80        </provider>
81
82        <activity
82-->[:react-native-code-push] AndroidManifest.xml:10:9-86
83            android:name="com.facebook.react.devsupport.DevSettingsActivity"
83-->[:react-native-code-push] AndroidManifest.xml:10:19-83
84            android:exported="false" /> <!-- The main service, handles playback, playlists and media buttons -->
84-->[com.facebook.react:react-android:0.73.4] AndroidManifest.xml:21:13-37
85        <service
85-->[:react-native-track-player] AndroidManifest.xml:14:9-22:19
86            android:name="com.doublesymmetry.trackplayer.service.MusicService"
86-->[:react-native-track-player] AndroidManifest.xml:15:13-79
87            android:enabled="true"
87-->[:react-native-track-player] AndroidManifest.xml:16:13-35
88            android:exported="true"
88-->[:react-native-track-player] AndroidManifest.xml:17:13-36
89            android:foregroundServiceType="mediaPlayback" >
89-->[:react-native-track-player] AndroidManifest.xml:18:13-58
90            <intent-filter>
90-->[:react-native-track-player] AndroidManifest.xml:19:13-21:29
91                <action android:name="android.intent.action.MEDIA_BUTTON" />
91-->[:react-native-track-player] AndroidManifest.xml:20:17-77
91-->[:react-native-track-player] AndroidManifest.xml:20:25-74
92            </intent-filter>
93        </service>
94
95        <meta-data
95-->[com.github.bumptech.glide:okhttp3-integration:4.12.0] AndroidManifest.xml:11:9-13:43
96            android:name="com.bumptech.glide.integration.okhttp3.OkHttpGlideModule"
96-->[com.github.bumptech.glide:okhttp3-integration:4.12.0] AndroidManifest.xml:12:13-84
97            android:value="GlideModule" />
97-->[com.github.bumptech.glide:okhttp3-integration:4.12.0] AndroidManifest.xml:13:13-40
98
99        <activity
99-->[com.google.android.gms:play-services-base:17.0.0] AndroidManifest.xml:23:9-26:75
100            android:name="com.google.android.gms.common.api.GoogleApiActivity"
100-->[com.google.android.gms:play-services-base:17.0.0] AndroidManifest.xml:24:13-79
101            android:exported="false"
101-->[com.google.android.gms:play-services-base:17.0.0] AndroidManifest.xml:25:13-37
102            android:theme="@android:style/Theme.Translucent.NoTitleBar" />
102-->[com.google.android.gms:play-services-base:17.0.0] AndroidManifest.xml:26:13-72
103
104        <meta-data
104-->[com.google.android.gms:play-services-basement:17.0.0] AndroidManifest.xml:23:9-25:69
105            android:name="com.google.android.gms.version"
105-->[com.google.android.gms:play-services-basement:17.0.0] AndroidManifest.xml:24:13-58
106            android:value="@integer/google_play_services_version" />
106-->[com.google.android.gms:play-services-basement:17.0.0] AndroidManifest.xml:25:13-66
107
108        <provider
108-->[androidx.emoji2:emoji2:1.2.0] AndroidManifest.xml:24:9-32:20
109            android:name="androidx.startup.InitializationProvider"
109-->[androidx.emoji2:emoji2:1.2.0] AndroidManifest.xml:25:13-67
110            android:authorities="com.melody.androidx-startup"
110-->[androidx.emoji2:emoji2:1.2.0] AndroidManifest.xml:26:13-68
111            android:exported="false" >
111-->[androidx.emoji2:emoji2:1.2.0] AndroidManifest.xml:27:13-37
112            <meta-data
112-->[androidx.emoji2:emoji2:1.2.0] AndroidManifest.xml:29:13-31:52
113                android:name="androidx.emoji2.text.EmojiCompatInitializer"
113-->[androidx.emoji2:emoji2:1.2.0] AndroidManifest.xml:30:17-75
114                android:value="androidx.startup" />
114-->[androidx.emoji2:emoji2:1.2.0] AndroidManifest.xml:31:17-49
115            <meta-data
115-->[androidx.lifecycle:lifecycle-process:2.5.1] AndroidManifest.xml:31:13-33:52
116                android:name="androidx.lifecycle.ProcessLifecycleInitializer"
116-->[androidx.lifecycle:lifecycle-process:2.5.1] AndroidManifest.xml:32:17-78
117                android:value="androidx.startup" />
117-->[androidx.lifecycle:lifecycle-process:2.5.1] AndroidManifest.xml:33:17-49
118        </provider>
119
120        <meta-data
120-->[com.facebook.soloader:soloader:0.10.5] AndroidManifest.xml:12:9-14:37
121            android:name="com.facebook.soloader.enabled"
121-->[com.facebook.soloader:soloader:0.10.5] AndroidManifest.xml:13:13-57
122            android:value="false" />
122-->[com.facebook.soloader:soloader:0.10.5] AndroidManifest.xml:14:13-34
123    </application>
124
125</manifest>